<test-run id="2" testcasecount="0" result="Passed" start-time="2026-03-25 06:32:09.328464" end-time="2026-03-25 06:32:09.483360" duration="0" total="0" passed="0" failed="0" inconclusive="0" skipped="0" asserts="0" clr-version="3.13.1 (v3.13.1:06714517797, Dec  3 2024, 14:00:22) [Clang 15.0.0 (clang-1500.3.9.4)]" engine-version="3.6.2"><command-line>/Library/Frameworks/Python.framework/Versions/3.13/bin/pytest tests/unit/ -q --tb=short</command-line><filter><test re="0">tests/unit/</test></filter><test-suite id="tests/unit/retrieval/test_engine.py::TestResultToDict" name="tests/unit/retrieval/test_engine.py::TestResultToDict" fullname="tests/unit/retrieval/test_engine.py::TestResultToDict" methodname="" classname="" runstate="Runnable" type="Assembly" testcasecount="0" result="Passed" label="" start-time="0001-01-01 00:00:00.000000" end-time="0001-01-01 00:00:00.000000" duration="0.0" asserts="0" total="0" passed="0" failed="0" warnings="0" inconclusive="0" skipped="0"><properties><property name="python_version" value="3.13.1 (v3.13.1:06714517797, Dec  3 2024, 14:00:22) [Clang 15.0.0 (clang-1500.3.9.4)]" /></properties><environment framework-version="3.6.2" clr-version="3.13.1 (v3.13.1:06714517797, Dec  3 2024, 14:00:22) [Clang 15.0.0 (clang-1500.3.9.4)]" os-version="25.2.0" platform="Darwin" cwd="/Users/waledosunmu/Documents/personal_projects/legal-ai-assistant" machine-name="arm64" user="" user-domain="" culture="C" uiculture="C" os-architecture="64bit" /></test-suite><test-suite id="tests/unit/generation/test_verification.py::TestExistenceCheck" name="tests/unit/generation/test_verification.py::TestExistenceCheck" fullname="tests/unit/generation/test_verification.py::TestExistenceCheck" methodname="" classname="" runstate="Runnable" type="Assembly" testcasecount="0" result="Passed" label="" start-time="0001-01-01 00:00:00.000000" end-time="0001-01-01 00:00:00.000000" duration="0.0" asserts="0" total="0" passed="0" failed="0" warnings="0" inconclusive="0" skipped="0"><properties><property name="python_version" value="3.13.1 (v3.13.1:06714517797, Dec  3 2024, 14:00:22) [Clang 15.0.0 (clang-1500.3.9.4)]" /></properties><environment framework-version="3.6.2" clr-version="3.13.1 (v3.13.1:06714517797, Dec  3 2024, 14:00:22) [Clang 15.0.0 (clang-1500.3.9.4)]" os-version="25.2.0" platform="Darwin" cwd="/Users/waledosunmu/Documents/personal_projects/legal-ai-assistant" machine-name="arm64" user="" user-domain="" culture="C" uiculture="C" os-architecture="64bit" /></test-suite><test-suite id="tests/unit/retrieval/test_cache.py::TestL2Embedding" name="tests/unit/retrieval/test_cache.py::TestL2Embedding" fullname="tests/unit/retrieval/test_cache.py::TestL2Embedding" methodname="" classname="" runstate="Runnable" type="Assembly" testcasecount="0" result="Passed" label="" start-time="0001-01-01 00:00:00.000000" end-time="0001-01-01 00:00:00.000000" duration="0.0" asserts="0" total="0" passed="0" failed="0" warnings="0" inconclusive="0" skipped="0"><properties><property name="python_version" value="3.13.1 (v3.13.1:06714517797, Dec  3 2024, 14:00:22) [Clang 15.0.0 (clang-1500.3.9.4)]" /></properties><environment framework-version="3.6.2" clr-version="3.13.1 (v3.13.1:06714517797, Dec  3 2024, 14:00:22) [Clang 15.0.0 (clang-1500.3.9.4)]" os-version="25.2.0" platform="Darwin" cwd="/Users/waledosunmu/Documents/personal_projects/legal-ai-assistant" machine-name="arm64" user="" user-domain="" culture="C" uiculture="C" os-architecture="64bit" /></test-suite><test-suite id="tests/unit/retrieval/test_searcher.py::TestSparseSearcher" name="tests/unit/retrieval/test_searcher.py::TestSparseSearcher" fullname="tests/unit/retrieval/test_searcher.py::TestSparseSearcher" methodname="" classname="" runstate="Runnable" type="Assembly" testcasecount="0" result="Passed" label="" start-time="0001-01-01 00:00:00.000000" end-time="0001-01-01 00:00:00.000000" duration="0.0" asserts="0" total="0" passed="0" failed="0" warnings="0" inconclusive="0" skipped="0"><properties><property name="python_version" value="3.13.1 (v3.13.1:06714517797, Dec  3 2024, 14:00:22) [Clang 15.0.0 (clang-1500.3.9.4)]" /></properties><environment framework-version="3.6.2" clr-version="3.13.1 (v3.13.1:06714517797, Dec  3 2024, 14:00:22) [Clang 15.0.0 (clang-1500.3.9.4)]" os-version="25.2.0" platform="Darwin" cwd="/Users/waledosunmu/Documents/personal_projects/legal-ai-assistant" machine-name="arm64" user="" user-domain="" culture="C" uiculture="C" os-architecture="64bit" /></test-suite><test-suite id="tests/unit/generation/test_verification.py::TestHoldingAttribution" name="tests/unit/generation/test_verification.py::TestHoldingAttribution" fullname="tests/unit/generation/test_verification.py::TestHoldingAttribution" methodname="" classname="" runstate="Runnable" type="Assembly" testcasecount="0" result="Passed" label="" start-time="0001-01-01 00:00:00.000000" end-time="0001-01-01 00:00:00.000000" duration="0.0" asserts="0" total="0" passed="0" failed="0" warnings="0" inconclusive="0" skipped="0"><properties><property name="python_version" value="3.13.1 (v3.13.1:06714517797, Dec  3 2024, 14:00:22) [Clang 15.0.0 (clang-1500.3.9.4)]" /></properties><environment framework-version="3.6.2" clr-version="3.13.1 (v3.13.1:06714517797, Dec  3 2024, 14:00:22) [Clang 15.0.0 (clang-1500.3.9.4)]" os-version="25.2.0" platform="Darwin" cwd="/Users/waledosunmu/Documents/personal_projects/legal-ai-assistant" machine-name="arm64" user="" user-domain="" culture="C" uiculture="C" os-architecture="64bit" /></test-suite><test-suite id="tests/unit/api/test_generate_api.py::TestGenerateEndpoint" name="tests/unit/api/test_generate_api.py::TestGenerateEndpoint" fullname="tests/unit/api/test_generate_api.py::TestGenerateEndpoint" methodname="" classname="" runstate="Runnable" type="Assembly" testcasecount="0" result="Passed" label="" start-time="0001-01-01 00:00:00.000000" end-time="0001-01-01 00:00:00.000000" duration="0.0" asserts="0" total="0" passed="0" failed="0" warnings="0" inconclusive="0" skipped="0"><properties><property name="python_version" value="3.13.1 (v3.13.1:06714517797, Dec  3 2024, 14:00:22) [Clang 15.0.0 (clang-1500.3.9.4)]" /></properties><environment framework-version="3.6.2" clr-version="3.13.1 (v3.13.1:06714517797, Dec  3 2024, 14:00:22) [Clang 15.0.0 (clang-1500.3.9.4)]" os-version="25.2.0" platform="Darwin" cwd="/Users/waledosunmu/Documents/personal_projects/legal-ai-assistant" machine-name="arm64" user="" user-domain="" culture="C" uiculture="C" os-architecture="64bit" /></test-suite><test-suite id="tests/unit/ingestion/test_citation_extractor.py::TestSC" name="tests/unit/ingestion/test_citation_extractor.py::TestSC" fullname="tests/unit/ingestion/test_citation_extractor.py::TestSC" methodname="" classname="" runstate="Runnable" type="Assembly" testcasecount="0" result="Passed" label="" start-time="0001-01-01 00:00:00.000000" end-time="0001-01-01 00:00:00.000000" duration="0.0" asserts="0" total="0" passed="0" failed="0" warnings="0" inconclusive="0" skipped="0"><properties><property name="python_version" value="3.13.1 (v3.13.1:06714517797, Dec  3 2024, 14:00:22) [Clang 15.0.0 (clang-1500.3.9.4)]" /></properties><environment framework-version="3.6.2" clr-version="3.13.1 (v3.13.1:06714517797, Dec  3 2024, 14:00:22) [Clang 15.0.0 (clang-1500.3.9.4)]" os-version="25.2.0" platform="Darwin" cwd="/Users/waledosunmu/Documents/personal_projects/legal-ai-assistant" machine-name="arm64" user="" user-domain="" culture="C" uiculture="C" os-architecture="64bit" /></test-suite><test-suite id="tests/unit/retrieval/test_cache.py::TestCosine" name="tests/unit/retrieval/test_cache.py::TestCosine" fullname="tests/unit/retrieval/test_cache.py::TestCosine" methodname="" classname="" runstate="Runnable" type="Assembly" testcasecount="0" result="Passed" label="" start-time="0001-01-01 00:00:00.000000" end-time="0001-01-01 00:00:00.000000" duration="0.0" asserts="0" total="0" passed="0" failed="0" warnings="0" inconclusive="0" skipped="0"><properties><property name="python_version" value="3.13.1 (v3.13.1:06714517797, Dec  3 2024, 14:00:22) [Clang 15.0.0 (clang-1500.3.9.4)]" /></properties><environment framework-version="3.6.2" clr-version="3.13.1 (v3.13.1:06714517797, Dec  3 2024, 14:00:22) [Clang 15.0.0 (clang-1500.3.9.4)]" os-version="25.2.0" platform="Darwin" cwd="/Users/waledosunmu/Documents/personal_projects/legal-ai-assistant" machine-name="arm64" user="" user-domain="" culture="C" uiculture="C" os-architecture="64bit" /></test-suite><test-suite id="tests/unit/retrieval/test_engine.py::TestRetrievalEngineSearch" name="tests/unit/retrieval/test_engine.py::TestRetrievalEngineSearch" fullname="tests/unit/retrieval/test_engine.py::TestRetrievalEngineSearch" methodname="" classname="" runstate="Runnable" type="Assembly" testcasecount="0" result="Passed" label="" start-time="0001-01-01 00:00:00.000000" end-time="0001-01-01 00:00:00.000000" duration="0.0" asserts="0" total="0" passed="0" failed="0" warnings="0" inconclusive="0" skipped="0"><properties><property name="python_version" value="3.13.1 (v3.13.1:06714517797, Dec  3 2024, 14:00:22) [Clang 15.0.0 (clang-1500.3.9.4)]" /></properties><environment framework-version="3.6.2" clr-version="3.13.1 (v3.13.1:06714517797, Dec  3 2024, 14:00:22) [Clang 15.0.0 (clang-1500.3.9.4)]" os-version="25.2.0" platform="Darwin" cwd="/Users/waledosunmu/Documents/personal_projects/legal-ai-assistant" machine-name="arm64" user="" user-domain="" culture="C" uiculture="C" os-architecture="64bit" /></test-suite><test-suite id="tests/unit/retrieval/test_fusion.py::TestRRFFusion" name="tests/unit/retrieval/test_fusion.py::TestRRFFusion" fullname="tests/unit/retrieval/test_fusion.py::TestRRFFusion" methodname="" classname="" runstate="Runnable" type="Assembly" testcasecount="0" result="Passed" label="" start-time="0001-01-01 00:00:00.000000" end-time="0001-01-01 00:00:00.000000" duration="0.0" asserts="0" total="0" passed="0" failed="0" warnings="0" inconclusive="0" skipped="0"><properties><property name="python_version" value="3.13.1 (v3.13.1:06714517797, Dec  3 2024, 14:00:22) [Clang 15.0.0 (clang-1500.3.9.4)]" /></properties><environment framework-version="3.6.2" clr-version="3.13.1 (v3.13.1:06714517797, Dec  3 2024, 14:00:22) [Clang 15.0.0 (clang-1500.3.9.4)]" os-version="25.2.0" platform="Darwin" cwd="/Users/waledosunmu/Documents/personal_projects/legal-ai-assistant" machine-name="arm64" user="" user-domain="" culture="C" uiculture="C" os-architecture="64bit" /></test-suite><test-suite id="tests/unit/api/test_search_api.py::TestHealthEndpoint" name="tests/unit/api/test_search_api.py::TestHealthEndpoint" fullname="tests/unit/api/test_search_api.py::TestHealthEndpoint" methodname="" classname="" runstate="Runnable" type="Assembly" testcasecount="0" result="Passed" label="" start-time="0001-01-01 00:00:00.000000" end-time="0001-01-01 00:00:00.000000" duration="0.0" asserts="0" total="0" passed="0" failed="0" warnings="0" inconclusive="0" skipped="0"><properties><property name="python_version" value="3.13.1 (v3.13.1:06714517797, Dec  3 2024, 14:00:22) [Clang 15.0.0 (clang-1500.3.9.4)]" /></properties><environment framework-version="3.6.2" clr-version="3.13.1 (v3.13.1:06714517797, Dec  3 2024, 14:00:22) [Clang 15.0.0 (clang-1500.3.9.4)]" os-version="25.2.0" platform="Darwin" cwd="/Users/waledosunmu/Documents/personal_projects/legal-ai-assistant" machine-name="arm64" user="" user-domain="" culture="C" uiculture="C" os-architecture="64bit" /></test-suite><test-suite id="tests/unit/generation/test_verification.py::TestOverruledDetection" name="tests/unit/generation/test_verification.py::TestOverruledDetection" fullname="tests/unit/generation/test_verification.py::TestOverruledDetection" methodname="" classname="" runstate="Runnable" type="Assembly" testcasecount="0" result="Passed" label="" start-time="0001-01-01 00:00:00.000000" end-time="0001-01-01 00:00:00.000000" duration="0.0" asserts="0" total="0" passed="0" failed="0" warnings="0" inconclusive="0" skipped="0"><properties><property name="python_version" value="3.13.1 (v3.13.1:06714517797, Dec  3 2024, 14:00:22) [Clang 15.0.0 (clang-1500.3.9.4)]" /></properties><environment framework-version="3.6.2" clr-version="3.13.1 (v3.13.1:06714517797, Dec  3 2024, 14:00:22) [Clang 15.0.0 (clang-1500.3.9.4)]" os-version="25.2.0" platform="Darwin" cwd="/Users/waledosunmu/Documents/personal_projects/legal-ai-assistant" machine-name="arm64" user="" user-domain="" culture="C" uiculture="C" os-architecture="64bit" /></test-suite><test-suite id="tests/unit/api/test_search_api.py::TestErrorHandling" name="tests/unit/api/test_search_api.py::TestErrorHandling" fullname="tests/unit/api/test_search_api.py::TestErrorHandling" methodname="" classname="" runstate="Runnable" type="Assembly" testcasecount="0" result="Passed" label="" start-time="0001-01-01 00:00:00.000000" end-time="0001-01-01 00:00:00.000000" duration="0.0" asserts="0" total="0" passed="0" failed="0" warnings="0" inconclusive="0" skipped="0"><properties><property name="python_version" value="3.13.1 (v3.13.1:06714517797, Dec  3 2024, 14:00:22) [Clang 15.0.0 (clang-1500.3.9.4)]" /></properties><environment framework-version="3.6.2" clr-version="3.13.1 (v3.13.1:06714517797, Dec  3 2024, 14:00:22) [Clang 15.0.0 (clang-1500.3.9.4)]" os-version="25.2.0" platform="Darwin" cwd="/Users/waledosunmu/Documents/personal_projects/legal-ai-assistant" machine-name="arm64" user="" user-domain="" culture="C" uiculture="C" os-architecture="64bit" /></test-suite><test-suite id="tests/unit/api/test_search_api.py::TestSearchEndpoint" name="tests/unit/api/test_search_api.py::TestSearchEndpoint" fullname="tests/unit/api/test_search_api.py::TestSearchEndpoint" methodname="" classname="" runstate="Runnable" type="Assembly" testcasecount="0" result="Passed" label="" start-time="0001-01-01 00:00:00.000000" end-time="0001-01-01 00:00:00.000000" duration="0.0" asserts="0" total="0" passed="0" failed="0" warnings="0" inconclusive="0" skipped="0"><properties><property name="python_version" value="3.13.1 (v3.13.1:06714517797, Dec  3 2024, 14:00:22) [Clang 15.0.0 (clang-1500.3.9.4)]" /></properties><environment framework-version="3.6.2" clr-version="3.13.1 (v3.13.1:06714517797, Dec  3 2024, 14:00:22) [Clang 15.0.0 (clang-1500.3.9.4)]" os-version="25.2.0" platform="Darwin" cwd="/Users/waledosunmu/Documents/personal_projects/legal-ai-assistant" machine-name="arm64" user="" user-domain="" culture="C" uiculture="C" os-architecture="64bit" /></test-suite><test-suite id="tests/unit/retrieval/test_cache.py::TestSha" name="tests/unit/retrieval/test_cache.py::TestSha" fullname="tests/unit/retrieval/test_cache.py::TestSha" methodname="" classname="" runstate="Runnable" type="Assembly" testcasecount="0" result="Passed" label="" start-time="0001-01-01 00:00:00.000000" end-time="0001-01-01 00:00:00.000000" duration="0.0" asserts="0" total="0" passed="0" failed="0" warnings="0" inconclusive="0" skipped="0"><properties><property name="python_version" value="3.13.1 (v3.13.1:06714517797, Dec  3 2024, 14:00:22) [Clang 15.0.0 (clang-1500.3.9.4)]" /></properties><environment framework-version="3.6.2" clr-version="3.13.1 (v3.13.1:06714517797, Dec  3 2024, 14:00:22) [Clang 15.0.0 (clang-1500.3.9.4)]" os-version="25.2.0" platform="Darwin" cwd="/Users/waledosunmu/Documents/personal_projects/legal-ai-assistant" machine-name="arm64" user="" user-domain="" culture="C" uiculture="C" os-architecture="64bit" /></test-suite><test-suite id="tests/unit/generation/test_templates.py::TestRenderMotionPaper" name="tests/unit/generation/test_templates.py::TestRenderMotionPaper" fullname="tests/unit/generation/test_templates.py::TestRenderMotionPaper" methodname="" classname="" runstate="Runnable" type="Assembly" testcasecount="0" result="Passed" label="" start-time="0001-01-01 00:00:00.000000" end-time="0001-01-01 00:00:00.000000" duration="0.0" asserts="0" total="0" passed="0" failed="0" warnings="0" inconclusive="0" skipped="0"><properties><property name="python_version" value="3.13.1 (v3.13.1:06714517797, Dec  3 2024, 14:00:22) [Clang 15.0.0 (clang-1500.3.9.4)]" /></properties><environment framework-version="3.6.2" clr-version="3.13.1 (v3.13.1:06714517797, Dec  3 2024, 14:00:22) [Clang 15.0.0 (clang-1500.3.9.4)]" os-version="25.2.0" platform="Darwin" cwd="/Users/waledosunmu/Documents/personal_projects/legal-ai-assistant" machine-name="arm64" user="" user-domain="" culture="C" uiculture="C" os-architecture="64bit" /></test-suite><test-suite id="tests/unit/retrieval/test_query_expander.py::TestDenseExpansion" name="tests/unit/retrieval/test_query_expander.py::TestDenseExpansion" fullname="tests/unit/retrieval/test_query_expander.py::TestDenseExpansion" methodname="" classname="" runstate="Runnable" type="Assembly" testcasecount="0" result="Passed" label="" start-time="0001-01-01 00:00:00.000000" end-time="0001-01-01 00:00:00.000000" duration="0.0" asserts="0" total="0" passed="0" failed="0" warnings="0" inconclusive="0" skipped="0"><properties><property name="python_version" value="3.13.1 (v3.13.1:06714517797, Dec  3 2024, 14:00:22) [Clang 15.0.0 (clang-1500.3.9.4)]" /></properties><environment framework-version="3.6.2" clr-version="3.13.1 (v3.13.1:06714517797, Dec  3 2024, 14:00:22) [Clang 15.0.0 (clang-1500.3.9.4)]" os-version="25.2.0" platform="Darwin" cwd="/Users/waledosunmu/Documents/personal_projects/legal-ai-assistant" machine-name="arm64" user="" user-domain="" culture="C" uiculture="C" os-architecture="64bit" /></test-suite><test-suite id="tests/unit/retrieval/test_fusion.py::TestBoostHelpers" name="tests/unit/retrieval/test_fusion.py::TestBoostHelpers" fullname="tests/unit/retrieval/test_fusion.py::TestBoostHelpers" methodname="" classname="" runstate="Runnable" type="Assembly" testcasecount="0" result="Passed" label="" start-time="0001-01-01 00:00:00.000000" end-time="0001-01-01 00:00:00.000000" duration="0.0" asserts="0" total="0" passed="0" failed="0" warnings="0" inconclusive="0" skipped="0"><properties><property name="python_version" value="3.13.1 (v3.13.1:06714517797, Dec  3 2024, 14:00:22) [Clang 15.0.0 (clang-1500.3.9.4)]" /></properties><environment framework-version="3.6.2" clr-version="3.13.1 (v3.13.1:06714517797, Dec  3 2024, 14:00:22) [Clang 15.0.0 (clang-1500.3.9.4)]" os-version="25.2.0" platform="Darwin" cwd="/Users/waledosunmu/Documents/personal_projects/legal-ai-assistant" machine-name="arm64" user="" user-domain="" culture="C" uiculture="C" os-architecture="64bit" /></test-suite><test-suite id="tests/unit/generation/test_verification.py::TestFormatCheck" name="tests/unit/generation/test_verification.py::TestFormatCheck" fullname="tests/unit/generation/test_verification.py::TestFormatCheck" methodname="" classname="" runstate="Runnable" type="Assembly" testcasecount="0" result="Passed" label="" start-time="0001-01-01 00:00:00.000000" end-time="0001-01-01 00:00:00.000000" duration="0.0" asserts="0" total="0" passed="0" failed="0" warnings="0" inconclusive="0" skipped="0"><properties><property name="python_version" value="3.13.1 (v3.13.1:06714517797, Dec  3 2024, 14:00:22) [Clang 15.0.0 (clang-1500.3.9.4)]" /></properties><environment framework-version="3.6.2" clr-version="3.13.1 (v3.13.1:06714517797, Dec  3 2024, 14:00:22) [Clang 15.0.0 (clang-1500.3.9.4)]" os-version="25.2.0" platform="Darwin" cwd="/Users/waledosunmu/Documents/personal_projects/legal-ai-assistant" machine-name="arm64" user="" user-domain="" culture="C" uiculture="C" os-architecture="64bit" /></test-suite><test-suite id="tests/unit/retrieval/test_cache.py::TestL1Parsed" name="tests/unit/retrieval/test_cache.py::TestL1Parsed" fullname="tests/unit/retrieval/test_cache.py::TestL1Parsed" methodname="" classname="" runstate="Runnable" type="Assembly" testcasecount="0" result="Passed" label="" start-time="0001-01-01 00:00:00.000000" end-time="0001-01-01 00:00:00.000000" duration="0.0" asserts="0" total="0" passed="0" failed="0" warnings="0" inconclusive="0" skipped="0"><properties><property name="python_version" value="3.13.1 (v3.13.1:06714517797, Dec  3 2024, 14:00:22) [Clang 15.0.0 (clang-1500.3.9.4)]" /></properties><environment framework-version="3.6.2" clr-version="3.13.1 (v3.13.1:06714517797, Dec  3 2024, 14:00:22) [Clang 15.0.0 (clang-1500.3.9.4)]" os-version="25.2.0" platform="Darwin" cwd="/Users/waledosunmu/Documents/personal_projects/legal-ai-assistant" machine-name="arm64" user="" user-domain="" culture="C" uiculture="C" os-architecture="64bit" /></test-suite><test-suite id="tests/unit/retrieval/test_reranker.py::TestLLMReranker" name="tests/unit/retrieval/test_reranker.py::TestLLMReranker" fullname="tests/unit/retrieval/test_reranker.py::TestLLMReranker" methodname="" classname="" runstate="Runnable" type="Assembly" testcasecount="0" result="Passed" label="" start-time="0001-01-01 00:00:00.000000" end-time="0001-01-01 00:00:00.000000" duration="0.0" asserts="0" total="0" passed="0" failed="0" warnings="0" inconclusive="0" skipped="0"><properties><property name="python_version" value="3.13.1 (v3.13.1:06714517797, Dec  3 2024, 14:00:22) [Clang 15.0.0 (clang-1500.3.9.4)]" /></properties><environment framework-version="3.6.2" clr-version="3.13.1 (v3.13.1:06714517797, Dec  3 2024, 14:00:22) [Clang 15.0.0 (clang-1500.3.9.4)]" os-version="25.2.0" platform="Darwin" cwd="/Users/waledosunmu/Documents/personal_projects/legal-ai-assistant" machine-name="arm64" user="" user-domain="" culture="C" uiculture="C" os-architecture="64bit" /></test-suite><test-suite id="tests/unit/generation/test_models.py::TestArgumentSection" name="tests/unit/generation/test_models.py::TestArgumentSection" fullname="tests/unit/generation/test_models.py::TestArgumentSection" methodname="" classname="" runstate="Runnable" type="Assembly" testcasecount="0" result="Passed" label="" start-time="0001-01-01 00:00:00.000000" end-time="0001-01-01 00:00:00.000000" duration="0.0" asserts="0" total="0" passed="0" failed="0" warnings="0" inconclusive="0" skipped="0"><properties><property name="python_version" value="3.13.1 (v3.13.1:06714517797, Dec  3 2024, 14:00:22) [Clang 15.0.0 (clang-1500.3.9.4)]" /></properties><environment framework-version="3.6.2" clr-version="3.13.1 (v3.13.1:06714517797, Dec  3 2024, 14:00:22) [Clang 15.0.0 (clang-1500.3.9.4)]" os-version="25.2.0" platform="Darwin" cwd="/Users/waledosunmu/Documents/personal_projects/legal-ai-assistant" machine-name="arm64" user="" user-domain="" culture="C" uiculture="C" os-architecture="64bit" /></test-suite><test-suite id="tests/unit/generation/test_verification.py::TestVerifierNoDb" name="tests/unit/generation/test_verification.py::TestVerifierNoDb" fullname="tests/unit/generation/test_verification.py::TestVerifierNoDb" methodname="" classname="" runstate="Runnable" type="Assembly" testcasecount="0" result="Passed" label="" start-time="0001-01-01 00:00:00.000000" end-time="0001-01-01 00:00:00.000000" duration="0.0" asserts="0" total="0" passed="0" failed="0" warnings="0" inconclusive="0" skipped="0"><properties><property name="python_version" value="3.13.1 (v3.13.1:06714517797, Dec  3 2024, 14:00:22) [Clang 15.0.0 (clang-1500.3.9.4)]" /></properties><environment framework-version="3.6.2" clr-version="3.13.1 (v3.13.1:06714517797, Dec  3 2024, 14:00:22) [Clang 15.0.0 (clang-1500.3.9.4)]" os-version="25.2.0" platform="Darwin" cwd="/Users/waledosunmu/Documents/personal_projects/legal-ai-assistant" machine-name="arm64" user="" user-domain="" culture="C" uiculture="C" os-architecture="64bit" /></test-suite><test-suite id="tests/unit/ingestion/test_citation_extractor.py::TestCitationTreatmentClassifier" name="tests/unit/ingestion/test_citation_extractor.py::TestCitationTreatmentClassifier" fullname="tests/unit/ingestion/test_citation_extractor.py::TestCitationTreatmentClassifier" methodname="" classname="" runstate="Runnable" type="Assembly" testcasecount="0" result="Passed" label="" start-time="0001-01-01 00:00:00.000000" end-time="0001-01-01 00:00:00.000000" duration="0.0" asserts="0" total="0" passed="0" failed="0" warnings="0" inconclusive="0" skipped="0"><properties><property name="python_version" value="3.13.1 (v3.13.1:06714517797, Dec  3 2024, 14:00:22) [Clang 15.0.0 (clang-1500.3.9.4)]" /></properties><environment framework-version="3.6.2" clr-version="3.13.1 (v3.13.1:06714517797, Dec  3 2024, 14:00:22) [Clang 15.0.0 (clang-1500.3.9.4)]" os-version="25.2.0" platform="Darwin" cwd="/Users/waledosunmu/Documents/personal_projects/legal-ai-assistant" machine-name="arm64" user="" user-domain="" culture="C" uiculture="C" os-architecture="64bit" /></test-suite><test-suite id="tests/unit/generation/test_models.py::TestGenerationResult" name="tests/unit/generation/test_models.py::TestGenerationResult" fullname="tests/unit/generation/test_models.py::TestGenerationResult" methodname="" classname="" runstate="Runnable" type="Assembly" testcasecount="0" result="Passed" label="" start-time="0001-01-01 00:00:00.000000" end-time="0001-01-01 00:00:00.000000" duration="0.0" asserts="0" total="0" passed="0" failed="0" warnings="0" inconclusive="0" skipped="0"><properties><property name="python_version" value="3.13.1 (v3.13.1:06714517797, Dec  3 2024, 14:00:22) [Clang 15.0.0 (clang-1500.3.9.4)]" /></properties><environment framework-version="3.6.2" clr-version="3.13.1 (v3.13.1:06714517797, Dec  3 2024, 14:00:22) [Clang 15.0.0 (clang-1500.3.9.4)]" os-version="25.2.0" platform="Darwin" cwd="/Users/waledosunmu/Documents/personal_projects/legal-ai-assistant" machine-name="arm64" user="" user-domain="" culture="C" uiculture="C" os-architecture="64bit" /></test-suite><test-suite id="tests/unit/generation/test_verification.py::TestFullVerificationFlow" name="tests/unit/generation/test_verification.py::TestFullVerificationFlow" fullname="tests/unit/generation/test_verification.py::TestFullVerificationFlow" methodname="" classname="" runstate="Runnable" type="Assembly" testcasecount="0" result="Passed" label="" start-time="0001-01-01 00:00:00.000000" end-time="0001-01-01 00:00:00.000000" duration="0.0" asserts="0" total="0" passed="0" failed="0" warnings="0" inconclusive="0" skipped="0"><properties><property name="python_version" value="3.13.1 (v3.13.1:06714517797, Dec  3 2024, 14:00:22) [Clang 15.0.0 (clang-1500.3.9.4)]" /></properties><environment framework-version="3.6.2" clr-version="3.13.1 (v3.13.1:06714517797, Dec  3 2024, 14:00:22) [Clang 15.0.0 (clang-1500.3.9.4)]" os-version="25.2.0" platform="Darwin" cwd="/Users/waledosunmu/Documents/personal_projects/legal-ai-assistant" machine-name="arm64" user="" user-domain="" culture="C" uiculture="C" os-architecture="64bit" /></test-suite><test-suite id="tests/unit/retrieval/test_cache.py::TestL4Semantic" name="tests/unit/retrieval/test_cache.py::TestL4Semantic" fullname="tests/unit/retrieval/test_cache.py::TestL4Semantic" methodname="" classname="" runstate="Runnable" type="Assembly" testcasecount="0" result="Passed" label="" start-time="0001-01-01 00:00:00.000000" end-time="0001-01-01 00:00:00.000000" duration="0.0" asserts="0" total="0" passed="0" failed="0" warnings="0" inconclusive="0" skipped="0"><properties><property name="python_version" value="3.13.1 (v3.13.1:06714517797, Dec  3 2024, 14:00:22) [Clang 15.0.0 (clang-1500.3.9.4)]" /></properties><environment framework-version="3.6.2" clr-version="3.13.1 (v3.13.1:06714517797, Dec  3 2024, 14:00:22) [Clang 15.0.0 (clang-1500.3.9.4)]" os-version="25.2.0" platform="Darwin" cwd="/Users/waledosunmu/Documents/personal_projects/legal-ai-assistant" machine-name="arm64" user="" user-domain="" culture="C" uiculture="C" os-architecture="64bit" /></test-suite><test-suite id="tests/unit/retrieval/test_query_expander.py::TestSparseExpansion" name="tests/unit/retrieval/test_query_expander.py::TestSparseExpansion" fullname="tests/unit/retrieval/test_query_expander.py::TestSparseExpansion" methodname="" classname="" runstate="Runnable" type="Assembly" testcasecount="0" result="Passed" label="" start-time="0001-01-01 00:00:00.000000" end-time="0001-01-01 00:00:00.000000" duration="0.0" asserts="0" total="0" passed="0" failed="0" warnings="0" inconclusive="0" skipped="0"><properties><property name="python_version" value="3.13.1 (v3.13.1:06714517797, Dec  3 2024, 14:00:22) [Clang 15.0.0 (clang-1500.3.9.4)]" /></properties><environment framework-version="3.6.2" clr-version="3.13.1 (v3.13.1:06714517797, Dec  3 2024, 14:00:22) [Clang 15.0.0 (clang-1500.3.9.4)]" os-version="25.2.0" platform="Darwin" cwd="/Users/waledosunmu/Documents/personal_projects/legal-ai-assistant" machine-name="arm64" user="" user-domain="" culture="C" uiculture="C" os-architecture="64bit" /></test-suite><test-suite id="tests/unit/ingestion/test_citation_extractor.py::TestNWLR" name="tests/unit/ingestion/test_citation_extractor.py::TestNWLR" fullname="tests/unit/ingestion/test_citation_extractor.py::TestNWLR" methodname="" classname="" runstate="Runnable" type="Assembly" testcasecount="0" result="Passed" label="" start-time="0001-01-01 00:00:00.000000" end-time="0001-01-01 00:00:00.000000" duration="0.0" asserts="0" total="0" passed="0" failed="0" warnings="0" inconclusive="0" skipped="0"><properties><property name="python_version" value="3.13.1 (v3.13.1:06714517797, Dec  3 2024, 14:00:22) [Clang 15.0.0 (clang-1500.3.9.4)]" /></properties><environment framework-version="3.6.2" clr-version="3.13.1 (v3.13.1:06714517797, Dec  3 2024, 14:00:22) [Clang 15.0.0 (clang-1500.3.9.4)]" os-version="25.2.0" platform="Darwin" cwd="/Users/waledosunmu/Documents/personal_projects/legal-ai-assistant" machine-name="arm64" user="" user-domain="" culture="C" uiculture="C" os-architecture="64bit" /></test-suite><test-suite id="tests/unit/api/test_generate_api.py::TestValidation" name="tests/unit/api/test_generate_api.py::TestValidation" fullname="tests/unit/api/test_generate_api.py::TestValidation" methodname="" classname="" runstate="Runnable" type="Assembly" testcasecount="0" result="Passed" label="" start-time="0001-01-01 00:00:00.000000" end-time="0001-01-01 00:00:00.000000" duration="0.0" asserts="0" total="0" passed="0" failed="0" warnings="0" inconclusive="0" skipped="0"><properties><property name="python_version" value="3.13.1 (v3.13.1:06714517797, Dec  3 2024, 14:00:22) [Clang 15.0.0 (clang-1500.3.9.4)]" /></properties><environment framework-version="3.6.2" clr-version="3.13.1 (v3.13.1:06714517797, Dec  3 2024, 14:00:22) [Clang 15.0.0 (clang-1500.3.9.4)]" os-version="25.2.0" platform="Darwin" cwd="/Users/waledosunmu/Documents/personal_projects/legal-ai-assistant" machine-name="arm64" user="" user-domain="" culture="C" uiculture="C" os-architecture="64bit" /></test-suite><test-suite id="tests/unit/retrieval/test_query_expander.py::TestStepBackGeneration" name="tests/unit/retrieval/test_query_expander.py::TestStepBackGeneration" fullname="tests/unit/retrieval/test_query_expander.py::TestStepBackGeneration" methodname="" classname="" runstate="Runnable" type="Assembly" testcasecount="0" result="Passed" label="" start-time="0001-01-01 00:00:00.000000" end-time="0001-01-01 00:00:00.000000" duration="0.0" asserts="0" total="0" passed="0" failed="0" warnings="0" inconclusive="0" skipped="0"><properties><property name="python_version" value="3.13.1 (v3.13.1:06714517797, Dec  3 2024, 14:00:22) [Clang 15.0.0 (clang-1500.3.9.4)]" /></properties><environment framework-version="3.6.2" clr-version="3.13.1 (v3.13.1:06714517797, Dec  3 2024, 14:00:22) [Clang 15.0.0 (clang-1500.3.9.4)]" os-version="25.2.0" platform="Darwin" cwd="/Users/waledosunmu/Documents/personal_projects/legal-ai-assistant" machine-name="arm64" user="" user-domain="" culture="C" uiculture="C" os-architecture="64bit" /></test-suite><test-suite id="tests/unit/retrieval/test_query_parser.py::TestLayer2" name="tests/unit/retrieval/test_query_parser.py::TestLayer2" fullname="tests/unit/retrieval/test_query_parser.py::TestLayer2" methodname="" classname="" runstate="Runnable" type="Assembly" testcasecount="0" result="Passed" label="" start-time="0001-01-01 00:00:00.000000" end-time="0001-01-01 00:00:00.000000" duration="0.0" asserts="0" total="0" passed="0" failed="0" warnings="0" inconclusive="0" skipped="0"><properties><property name="python_version" value="3.13.1 (v3.13.1:06714517797, Dec  3 2024, 14:00:22) [Clang 15.0.0 (clang-1500.3.9.4)]" /></properties><environment framework-version="3.6.2" clr-version="3.13.1 (v3.13.1:06714517797, Dec  3 2024, 14:00:22) [Clang 15.0.0 (clang-1500.3.9.4)]" os-version="25.2.0" platform="Darwin" cwd="/Users/waledosunmu/Documents/personal_projects/legal-ai-assistant" machine-name="arm64" user="" user-domain="" culture="C" uiculture="C" os-architecture="64bit" /></test-suite><test-suite id="tests/unit/retrieval/test_engine.py::TestEmptyResponse" name="tests/unit/retrieval/test_engine.py::TestEmptyResponse" fullname="tests/unit/retrieval/test_engine.py::TestEmptyResponse" methodname="" classname="" runstate="Runnable" type="Assembly" testcasecount="0" result="Passed" label="" start-time="0001-01-01 00:00:00.000000" end-time="0001-01-01 00:00:00.000000" duration="0.0" asserts="0" total="0" passed="0" failed="0" warnings="0" inconclusive="0" skipped="0"><properties><property name="python_version" value="3.13.1 (v3.13.1:06714517797, Dec  3 2024, 14:00:22) [Clang 15.0.0 (clang-1500.3.9.4)]" /></properties><environment framework-version="3.6.2" clr-version="3.13.1 (v3.13.1:06714517797, Dec  3 2024, 14:00:22) [Clang 15.0.0 (clang-1500.3.9.4)]" os-version="25.2.0" platform="Darwin" cwd="/Users/waledosunmu/Documents/personal_projects/legal-ai-assistant" machine-name="arm64" user="" user-domain="" culture="C" uiculture="C" os-architecture="64bit" /></test-suite><test-suite id="tests/unit/api/test_generate_api.py::TestErrorHandling" name="tests/unit/api/test_generate_api.py::TestErrorHandling" fullname="tests/unit/api/test_generate_api.py::TestErrorHandling" methodname="" classname="" runstate="Runnable" type="Assembly" testcasecount="0" result="Passed" label="" start-time="0001-01-01 00:00:00.000000" end-time="0001-01-01 00:00:00.000000" duration="0.0" asserts="0" total="0" passed="0" failed="0" warnings="0" inconclusive="0" skipped="0"><properties><property name="python_version" value="3.13.1 (v3.13.1:06714517797, Dec  3 2024, 14:00:22) [Clang 15.0.0 (clang-1500.3.9.4)]" /></properties><environment framework-version="3.6.2" clr-version="3.13.1 (v3.13.1:06714517797, Dec  3 2024, 14:00:22) [Clang 15.0.0 (clang-1500.3.9.4)]" os-version="25.2.0" platform="Darwin" cwd="/Users/waledosunmu/Documents/personal_projects/legal-ai-assistant" machine-name="arm64" user="" user-domain="" culture="C" uiculture="C" os-architecture="64bit" /></test-suite><test-suite id="tests/unit/retrieval/test_engine.py::TestCollectCaseIds" name="tests/unit/retrieval/test_engine.py::TestCollectCaseIds" fullname="tests/unit/retrieval/test_engine.py::TestCollectCaseIds" methodname="" classname="" runstate="Runnable" type="Assembly" testcasecount="0" result="Passed" label="" start-time="0001-01-01 00:00:00.000000" end-time="0001-01-01 00:00:00.000000" duration="0.0" asserts="0" total="0" passed="0" failed="0" warnings="0" inconclusive="0" skipped="0"><properties><property name="python_version" value="3.13.1 (v3.13.1:06714517797, Dec  3 2024, 14:00:22) [Clang 15.0.0 (clang-1500.3.9.4)]" /></properties><environment framework-version="3.6.2" clr-version="3.13.1 (v3.13.1:06714517797, Dec  3 2024, 14:00:22) [Clang 15.0.0 (clang-1500.3.9.4)]" os-version="25.2.0" platform="Darwin" cwd="/Users/waledosunmu/Documents/personal_projects/legal-ai-assistant" machine-name="arm64" user="" user-domain="" culture="C" uiculture="C" os-architecture="64bit" /></test-suite><test-suite id="tests/unit/retrieval/test_reranker.py::TestShortName" name="tests/unit/retrieval/test_reranker.py::TestShortName" fullname="tests/unit/retrieval/test_reranker.py::TestShortName" methodname="" classname="" runstate="Runnable" type="Assembly" testcasecount="0" result="Passed" label="" start-time="0001-01-01 00:00:00.000000" end-time="0001-01-01 00:00:00.000000" duration="0.0" asserts="0" total="0" passed="0" failed="0" warnings="0" inconclusive="0" skipped="0"><properties><property name="python_version" value="3.13.1 (v3.13.1:06714517797, Dec  3 2024, 14:00:22) [Clang 15.0.0 (clang-1500.3.9.4)]" /></properties><environment framework-version="3.6.2" clr-version="3.13.1 (v3.13.1:06714517797, Dec  3 2024, 14:00:22) [Clang 15.0.0 (clang-1500.3.9.4)]" os-version="25.2.0" platform="Darwin" cwd="/Users/waledosunmu/Documents/personal_projects/legal-ai-assistant" machine-name="arm64" user="" user-domain="" culture="C" uiculture="C" os-architecture="64bit" /></test-suite><test-suite id="tests/unit/ingestion/test_citation_extractor.py::TestLPELR" name="tests/unit/ingestion/test_citation_extractor.py::TestLPELR" fullname="tests/unit/ingestion/test_citation_extractor.py::TestLPELR" methodname="" classname="" runstate="Runnable" type="Assembly" testcasecount="0" result="Passed" label="" start-time="0001-01-01 00:00:00.000000" end-time="0001-01-01 00:00:00.000000" duration="0.0" asserts="0" total="0" passed="0" failed="0" warnings="0" inconclusive="0" skipped="0"><properties><property name="python_version" value="3.13.1 (v3.13.1:06714517797, Dec  3 2024, 14:00:22) [Clang 15.0.0 (clang-1500.3.9.4)]" /></properties><environment framework-version="3.6.2" clr-version="3.13.1 (v3.13.1:06714517797, Dec  3 2024, 14:00:22) [Clang 15.0.0 (clang-1500.3.9.4)]" os-version="25.2.0" platform="Darwin" cwd="/Users/waledosunmu/Documents/personal_projects/legal-ai-assistant" machine-name="arm64" user="" user-domain="" culture="C" uiculture="C" os-architecture="64bit" /></test-suite><test-suite id="tests/unit/retrieval/test_searcher.py::TestExactSearcher" name="tests/unit/retrieval/test_searcher.py::TestExactSearcher" fullname="tests/unit/retrieval/test_searcher.py::TestExactSearcher" methodname="" classname="" runstate="Runnable" type="Assembly" testcasecount="0" result="Passed" label="" start-time="0001-01-01 00:00:00.000000" end-time="0001-01-01 00:00:00.000000" duration="0.0" asserts="0" total="0" passed="0" failed="0" warnings="0" inconclusive="0" skipped="0"><properties><property name="python_version" value="3.13.1 (v3.13.1:06714517797, Dec  3 2024, 14:00:22) [Clang 15.0.0 (clang-1500.3.9.4)]" /></properties><environment framework-version="3.6.2" clr-version="3.13.1 (v3.13.1:06714517797, Dec  3 2024, 14:00:22) [Clang 15.0.0 (clang-1500.3.9.4)]" os-version="25.2.0" platform="Darwin" cwd="/Users/waledosunmu/Documents/personal_projects/legal-ai-assistant" machine-name="arm64" user="" user-domain="" culture="C" uiculture="C" os-architecture="64bit" /></test-suite><test-suite id="tests/unit/api/test_search_api.py::TestValidation" name="tests/unit/api/test_search_api.py::TestValidation" fullname="tests/unit/api/test_search_api.py::TestValidation" methodname="" classname="" runstate="Runnable" type="Assembly" testcasecount="0" result="Passed" label="" start-time="0001-01-01 00:00:00.000000" end-time="0001-01-01 00:00:00.000000" duration="0.0" asserts="0" total="0" passed="0" failed="0" warnings="0" inconclusive="0" skipped="0"><properties><property name="python_version" value="3.13.1 (v3.13.1:06714517797, Dec  3 2024, 14:00:22) [Clang 15.0.0 (clang-1500.3.9.4)]" /></properties><environment framework-version="3.6.2" clr-version="3.13.1 (v3.13.1:06714517797, Dec  3 2024, 14:00:22) [Clang 15.0.0 (clang-1500.3.9.4)]" os-version="25.2.0" platform="Darwin" cwd="/Users/waledosunmu/Documents/personal_projects/legal-ai-assistant" machine-name="arm64" user="" user-domain="" culture="C" uiculture="C" os-architecture="64bit" /></test-suite><test-suite id="tests/unit/generation/test_templates.py::TestRenderWrittenAddress" name="tests/unit/generation/test_templates.py::TestRenderWrittenAddress" fullname="tests/unit/generation/test_templates.py::TestRenderWrittenAddress" methodname="" classname="" runstate="Runnable" type="Assembly" testcasecount="0" result="Passed" label="" start-time="0001-01-01 00:00:00.000000" end-time="0001-01-01 00:00:00.000000" duration="0.0" asserts="0" total="0" passed="0" failed="0" warnings="0" inconclusive="0" skipped="0"><properties><property name="python_version" value="3.13.1 (v3.13.1:06714517797, Dec  3 2024, 14:00:22) [Clang 15.0.0 (clang-1500.3.9.4)]" /></properties><environment framework-version="3.6.2" clr-version="3.13.1 (v3.13.1:06714517797, Dec  3 2024, 14:00:22) [Clang 15.0.0 (clang-1500.3.9.4)]" os-version="25.2.0" platform="Darwin" cwd="/Users/waledosunmu/Documents/personal_projects/legal-ai-assistant" machine-name="arm64" user="" user-domain="" culture="C" uiculture="C" os-architecture="64bit" /></test-suite><test-suite id="tests/unit/retrieval/test_cache.py::TestDisconnected" name="tests/unit/retrieval/test_cache.py::TestDisconnected" fullname="tests/unit/retrieval/test_cache.py::TestDisconnected" methodname="" classname="" runstate="Runnable" type="Assembly" testcasecount="0" result="Passed" label="" start-time="0001-01-01 00:00:00.000000" end-time="0001-01-01 00:00:00.000000" duration="0.0" asserts="0" total="0" passed="0" failed="0" warnings="0" inconclusive="0" skipped="0"><properties><property name="python_version" value="3.13.1 (v3.13.1:06714517797, Dec  3 2024, 14:00:22) [Clang 15.0.0 (clang-1500.3.9.4)]" /></properties><environment framework-version="3.6.2" clr-version="3.13.1 (v3.13.1:06714517797, Dec  3 2024, 14:00:22) [Clang 15.0.0 (clang-1500.3.9.4)]" os-version="25.2.0" platform="Darwin" cwd="/Users/waledosunmu/Documents/personal_projects/legal-ai-assistant" machine-name="arm64" user="" user-domain="" culture="C" uiculture="C" os-architecture="64bit" /></test-suite><test-suite id="tests/unit/retrieval/test_query_parser.py::TestLayer3" name="tests/unit/retrieval/test_query_parser.py::TestLayer3" fullname="tests/unit/retrieval/test_query_parser.py::TestLayer3" methodname="" classname="" runstate="Runnable" type="Assembly" testcasecount="0" result="Passed" label="" start-time="0001-01-01 00:00:00.000000" end-time="0001-01-01 00:00:00.000000" duration="0.0" asserts="0" total="0" passed="0" failed="0" warnings="0" inconclusive="0" skipped="0"><properties><property name="python_version" value="3.13.1 (v3.13.1:06714517797, Dec  3 2024, 14:00:22) [Clang 15.0.0 (clang-1500.3.9.4)]" /></properties><environment framework-version="3.6.2" clr-version="3.13.1 (v3.13.1:06714517797, Dec  3 2024, 14:00:22) [Clang 15.0.0 (clang-1500.3.9.4)]" os-version="25.2.0" platform="Darwin" cwd="/Users/waledosunmu/Documents/personal_projects/legal-ai-assistant" machine-name="arm64" user="" user-domain="" culture="C" uiculture="C" os-architecture="64bit" /></test-suite><test-suite id="tests/unit/generation/test_templates.py::TestRenderAffidavit" name="tests/unit/generation/test_templates.py::TestRenderAffidavit" fullname="tests/unit/generation/test_templates.py::TestRenderAffidavit" methodname="" classname="" runstate="Runnable" type="Assembly" testcasecount="0" result="Passed" label="" start-time="0001-01-01 00:00:00.000000" end-time="0001-01-01 00:00:00.000000" duration="0.0" asserts="0" total="0" passed="0" failed="0" warnings="0" inconclusive="0" skipped="0"><properties><property name="python_version" value="3.13.1 (v3.13.1:06714517797, Dec  3 2024, 14:00:22) [Clang 15.0.0 (clang-1500.3.9.4)]" /></properties><environment framework-version="3.6.2" clr-version="3.13.1 (v3.13.1:06714517797, Dec  3 2024, 14:00:22) [Clang 15.0.0 (clang-1500.3.9.4)]" os-version="25.2.0" platform="Darwin" cwd="/Users/waledosunmu/Documents/personal_projects/legal-ai-assistant" machine-name="arm64" user="" user-domain="" culture="C" uiculture="C" os-architecture="64bit" /></test-suite><test-suite id="tests/unit/generation/test_models.py::TestAuditLog" name="tests/unit/generation/test_models.py::TestAuditLog" fullname="tests/unit/generation/test_models.py::TestAuditLog" methodname="" classname="" runstate="Runnable" type="Assembly" testcasecount="0" result="Passed" label="" start-time="0001-01-01 00:00:00.000000" end-time="0001-01-01 00:00:00.000000" duration="0.0" asserts="0" total="0" passed="0" failed="0" warnings="0" inconclusive="0" skipped="0"><properties><property name="python_version" value="3.13.1 (v3.13.1:06714517797, Dec  3 2024, 14:00:22) [Clang 15.0.0 (clang-1500.3.9.4)]" /></properties><environment framework-version="3.6.2" clr-version="3.13.1 (v3.13.1:06714517797, Dec  3 2024, 14:00:22) [Clang 15.0.0 (clang-1500.3.9.4)]" os-version="25.2.0" platform="Darwin" cwd="/Users/waledosunmu/Documents/personal_projects/legal-ai-assistant" machine-name="arm64" user="" user-domain="" culture="C" uiculture="C" os-architecture="64bit" /></test-suite><test-suite id="tests/unit/ingestion/test_citation_extractor.py::TestNeutralCitation" name="tests/unit/ingestion/test_citation_extractor.py::TestNeutralCitation" fullname="tests/unit/ingestion/test_citation_extractor.py::TestNeutralCitation" methodname="" classname="" runstate="Runnable" type="Assembly" testcasecount="0" result="Passed" label="" start-time="0001-01-01 00:00:00.000000" end-time="0001-01-01 00:00:00.000000" duration="0.0" asserts="0" total="0" passed="0" failed="0" warnings="0" inconclusive="0" skipped="0"><properties><property name="python_version" value="3.13.1 (v3.13.1:06714517797, Dec  3 2024, 14:00:22) [Clang 15.0.0 (clang-1500.3.9.4)]" /></properties><environment framework-version="3.6.2" clr-version="3.13.1 (v3.13.1:06714517797, Dec  3 2024, 14:00:22) [Clang 15.0.0 (clang-1500.3.9.4)]" os-version="25.2.0" platform="Darwin" cwd="/Users/waledosunmu/Documents/personal_projects/legal-ai-assistant" machine-name="arm64" user="" user-domain="" culture="C" uiculture="C" os-architecture="64bit" /></test-suite><test-suite id="tests/unit/ingestion/test_citation_extractor.py" name="tests/unit/ingestion/test_citation_extractor.py" fullname="tests/unit/ingestion/test_citation_extractor.py" methodname="" classname="" runstate="Runnable" type="Assembly" testcasecount="0" result="Passed" label="Unit tests for NigerianCitationExtractor and CitationTreatmentClassifier." start-time="0001-01-01 00:00:00.000000" end-time="0001-01-01 00:00:00.000000" duration="0.0" asserts="0" total="0" passed="0" failed="0" warnings="0" inconclusive="0" skipped="0"><properties><property name="python_version" value="3.13.1 (v3.13.1:06714517797, Dec  3 2024, 14:00:22) [Clang 15.0.0 (clang-1500.3.9.4)]" /></properties><environment framework-version="3.6.2" clr-version="3.13.1 (v3.13.1:06714517797, Dec  3 2024, 14:00:22) [Clang 15.0.0 (clang-1500.3.9.4)]" os-version="25.2.0" platform="Darwin" cwd="/Users/waledosunmu/Documents/personal_projects/legal-ai-assistant" machine-name="arm64" user="" user-domain="" culture="C" uiculture="C" os-architecture="64bit" /></test-suite><test-suite id="tests/unit/retrieval/test_cache.py::TestInvalidation" name="tests/unit/retrieval/test_cache.py::TestInvalidation" fullname="tests/unit/retrieval/test_cache.py::TestInvalidation" methodname="" classname="" runstate="Runnable" type="Assembly" testcasecount="0" result="Passed" label="" start-time="0001-01-01 00:00:00.000000" end-time="0001-01-01 00:00:00.000000" duration="0.0" asserts="0" total="0" passed="0" failed="0" warnings="0" inconclusive="0" skipped="0"><properties><property name="python_version" value="3.13.1 (v3.13.1:06714517797, Dec  3 2024, 14:00:22) [Clang 15.0.0 (clang-1500.3.9.4)]" /></properties><environment framework-version="3.6.2" clr-version="3.13.1 (v3.13.1:06714517797, Dec  3 2024, 14:00:22) [Clang 15.0.0 (clang-1500.3.9.4)]" os-version="25.2.0" platform="Darwin" cwd="/Users/waledosunmu/Documents/personal_projects/legal-ai-assistant" machine-name="arm64" user="" user-domain="" culture="C" uiculture="C" os-architecture="64bit" /></test-suite><test-suite id="tests/unit/generation/test_models.py::TestGenerationRequest" name="tests/unit/generation/test_models.py::TestGenerationRequest" fullname="tests/unit/generation/test_models.py::TestGenerationRequest" methodname="" classname="" runstate="Runnable" type="Assembly" testcasecount="0" result="Passed" label="" start-time="0001-01-01 00:00:00.000000" end-time="0001-01-01 00:00:00.000000" duration="0.0" asserts="0" total="0" passed="0" failed="0" warnings="0" inconclusive="0" skipped="0"><properties><property name="python_version" value="3.13.1 (v3.13.1:06714517797, Dec  3 2024, 14:00:22) [Clang 15.0.0 (clang-1500.3.9.4)]" /></properties><environment framework-version="3.6.2" clr-version="3.13.1 (v3.13.1:06714517797, Dec  3 2024, 14:00:22) [Clang 15.0.0 (clang-1500.3.9.4)]" os-version="25.2.0" platform="Darwin" cwd="/Users/waledosunmu/Documents/personal_projects/legal-ai-assistant" machine-name="arm64" user="" user-domain="" culture="C" uiculture="C" os-architecture="64bit" /></test-suite><test-suite id="tests/unit/ingestion/test_citation_extractor.py::TestAllNLR" name="tests/unit/ingestion/test_citation_extractor.py::TestAllNLR" fullname="tests/unit/ingestion/test_citation_extractor.py::TestAllNLR" methodname="" classname="" runstate="Runnable" type="Assembly" testcasecount="0" result="Passed" label="" start-time="0001-01-01 00:00:00.000000" end-time="0001-01-01 00:00:00.000000" duration="0.0" asserts="0" total="0" passed="0" failed="0" warnings="0" inconclusive="0" skipped="0"><properties><property name="python_version" value="3.13.1 (v3.13.1:06714517797, Dec  3 2024, 14:00:22) [Clang 15.0.0 (clang-1500.3.9.4)]" /></properties><environment framework-version="3.6.2" clr-version="3.13.1 (v3.13.1:06714517797, Dec  3 2024, 14:00:22) [Clang 15.0.0 (clang-1500.3.9.4)]" os-version="25.2.0" platform="Darwin" cwd="/Users/waledosunmu/Documents/personal_projects/legal-ai-assistant" machine-name="arm64" user="" user-domain="" culture="C" uiculture="C" os-architecture="64bit" /></test-suite><test-suite id="tests/unit/retrieval/test_engine.py::TestEmptyAndFallbackPaths" name="tests/unit/retrieval/test_engine.py::TestEmptyAndFallbackPaths" fullname="tests/unit/retrieval/test_engine.py::TestEmptyAndFallbackPaths" methodname="" classname="" runstate="Runnable" type="Assembly" testcasecount="0" result="Passed" label="" start-time="0001-01-01 00:00:00.000000" end-time="0001-01-01 00:00:00.000000" duration="0.0" asserts="0" total="0" passed="0" failed="0" warnings="0" inconclusive="0" skipped="0"><properties><property name="python_version" value="3.13.1 (v3.13.1:06714517797, Dec  3 2024, 14:00:22) [Clang 15.0.0 (clang-1500.3.9.4)]" /></properties><environment framework-version="3.6.2" clr-version="3.13.1 (v3.13.1:06714517797, Dec  3 2024, 14:00:22) [Clang 15.0.0 (clang-1500.3.9.4)]" os-version="25.2.0" platform="Darwin" cwd="/Users/waledosunmu/Documents/personal_projects/legal-ai-assistant" machine-name="arm64" user="" user-domain="" culture="C" uiculture="C" os-architecture="64bit" /></test-suite><test-suite id="tests/unit/generation/test_models.py::TestVerificationStatus" name="tests/unit/generation/test_models.py::TestVerificationStatus" fullname="tests/unit/generation/test_models.py::TestVerificationStatus" methodname="" classname="" runstate="Runnable" type="Assembly" testcasecount="0" result="Passed" label="" start-time="0001-01-01 00:00:00.000000" end-time="0001-01-01 00:00:00.000000" duration="0.0" asserts="0" total="0" passed="0" failed="0" warnings="0" inconclusive="0" skipped="0"><properties><property name="python_version" value="3.13.1 (v3.13.1:06714517797, Dec  3 2024, 14:00:22) [Clang 15.0.0 (clang-1500.3.9.4)]" /></properties><environment framework-version="3.6.2" clr-version="3.13.1 (v3.13.1:06714517797, Dec  3 2024, 14:00:22) [Clang 15.0.0 (clang-1500.3.9.4)]" os-version="25.2.0" platform="Darwin" cwd="/Users/waledosunmu/Documents/personal_projects/legal-ai-assistant" machine-name="arm64" user="" user-domain="" culture="C" uiculture="C" os-architecture="64bit" /></test-suite><test-suite id="tests/unit/generation/test_templates.py::TestFallbackIssues" name="tests/unit/generation/test_templates.py::TestFallbackIssues" fullname="tests/unit/generation/test_templates.py::TestFallbackIssues" methodname="" classname="" runstate="Runnable" type="Assembly" testcasecount="0" result="Passed" label="" start-time="0001-01-01 00:00:00.000000" end-time="0001-01-01 00:00:00.000000" duration="0.0" asserts="0" total="0" passed="0" failed="0" warnings="0" inconclusive="0" skipped="0"><properties><property name="python_version" value="3.13.1 (v3.13.1:06714517797, Dec  3 2024, 14:00:22) [Clang 15.0.0 (clang-1500.3.9.4)]" /></properties><environment framework-version="3.6.2" clr-version="3.13.1 (v3.13.1:06714517797, Dec  3 2024, 14:00:22) [Clang 15.0.0 (clang-1500.3.9.4)]" os-version="25.2.0" platform="Darwin" cwd="/Users/waledosunmu/Documents/personal_projects/legal-ai-assistant" machine-name="arm64" user="" user-domain="" culture="C" uiculture="C" os-architecture="64bit" /></test-suite><test-suite id="tests/unit/retrieval/test_searcher.py::TestDenseSearcher" name="tests/unit/retrieval/test_searcher.py::TestDenseSearcher" fullname="tests/unit/retrieval/test_searcher.py::TestDenseSearcher" methodname="" classname="" runstate="Runnable" type="Assembly" testcasecount="0" result="Passed" label="" start-time="0001-01-01 00:00:00.000000" end-time="0001-01-01 00:00:00.000000" duration="0.0" asserts="0" total="0" passed="0" failed="0" warnings="0" inconclusive="0" skipped="0"><properties><property name="python_version" value="3.13.1 (v3.13.1:06714517797, Dec  3 2024, 14:00:22) [Clang 15.0.0 (clang-1500.3.9.4)]" /></properties><environment framework-version="3.6.2" clr-version="3.13.1 (v3.13.1:06714517797, Dec  3 2024, 14:00:22) [Clang 15.0.0 (clang-1500.3.9.4)]" os-version="25.2.0" platform="Darwin" cwd="/Users/waledosunmu/Documents/personal_projects/legal-ai-assistant" machine-name="arm64" user="" user-domain="" culture="C" uiculture="C" os-architecture="64bit" /></test-suite><test-suite id="tests/unit/retrieval/test_query_parser.py::TestLayer1" name="tests/unit/retrieval/test_query_parser.py::TestLayer1" fullname="tests/unit/retrieval/test_query_parser.py::TestLayer1" methodname="" classname="" runstate="Runnable" type="Assembly" testcasecount="0" result="Passed" label="" start-time="0001-01-01 00:00:00.000000" end-time="0001-01-01 00:00:00.000000" duration="0.0" asserts="0" total="0" passed="0" failed="0" warnings="0" inconclusive="0" skipped="0"><properties><property name="python_version" value="3.13.1 (v3.13.1:06714517797, Dec  3 2024, 14:00:22) [Clang 15.0.0 (clang-1500.3.9.4)]" /></properties><environment framework-version="3.6.2" clr-version="3.13.1 (v3.13.1:06714517797, Dec  3 2024, 14:00:22) [Clang 15.0.0 (clang-1500.3.9.4)]" os-version="25.2.0" platform="Darwin" cwd="/Users/waledosunmu/Documents/personal_projects/legal-ai-assistant" machine-name="arm64" user="" user-domain="" culture="C" uiculture="C" os-architecture="64bit" /></test-suite><test-suite id="tests/unit/ingestion/test_citation_extractor.py::TestAFWLR" name="tests/unit/ingestion/test_citation_extractor.py::TestAFWLR" fullname="tests/unit/ingestion/test_citation_extractor.py::TestAFWLR" methodname="" classname="" runstate="Runnable" type="Assembly" testcasecount="0" result="Passed" label="" start-time="0001-01-01 00:00:00.000000" end-time="0001-01-01 00:00:00.000000" duration="0.0" asserts="0" total="0" passed="0" failed="0" warnings="0" inconclusive="0" skipped="0"><properties><property name="python_version" value="3.13.1 (v3.13.1:06714517797, Dec  3 2024, 14:00:22) [Clang 15.0.0 (clang-1500.3.9.4)]" /></properties><environment framework-version="3.6.2" clr-version="3.13.1 (v3.13.1:06714517797, Dec  3 2024, 14:00:22) [Clang 15.0.0 (clang-1500.3.9.4)]" os-version="25.2.0" platform="Darwin" cwd="/Users/waledosunmu/Documents/personal_projects/legal-ai-assistant" machine-name="arm64" user="" user-domain="" culture="C" uiculture="C" os-architecture="64bit" /></test-suite><test-suite id="tests/unit/retrieval/test_cache.py::TestL3Candidates" name="tests/unit/retrieval/test_cache.py::TestL3Candidates" fullname="tests/unit/retrieval/test_cache.py::TestL3Candidates" methodname="" classname="" runstate="Runnable" type="Assembly" testcasecount="0" result="Passed" label="" start-time="0001-01-01 00:00:00.000000" end-time="0001-01-01 00:00:00.000000" duration="0.0" asserts="0" total="0" passed="0" failed="0" warnings="0" inconclusive="0" skipped="0"><properties><property name="python_version" value="3.13.1 (v3.13.1:06714517797, Dec  3 2024, 14:00:22) [Clang 15.0.0 (clang-1500.3.9.4)]" /></properties><environment framework-version="3.6.2" clr-version="3.13.1 (v3.13.1:06714517797, Dec  3 2024, 14:00:22) [Clang 15.0.0 (clang-1500.3.9.4)]" os-version="25.2.0" platform="Darwin" cwd="/Users/waledosunmu/Documents/personal_projects/legal-ai-assistant" machine-name="arm64" user="" user-domain="" culture="C" uiculture="C" os-architecture="64bit" /></test-suite><test-suite id="tests/unit/retrieval/test_cache.py::TestConnectClose" name="tests/unit/retrieval/test_cache.py::TestConnectClose" fullname="tests/unit/retrieval/test_cache.py::TestConnectClose" methodname="" classname="" runstate="Runnable" type="Assembly" testcasecount="0" result="Passed" label="" start-time="0001-01-01 00:00:00.000000" end-time="0001-01-01 00:00:00.000000" duration="0.0" asserts="0" total="0" passed="0" failed="0" warnings="0" inconclusive="0" skipped="0"><properties><property name="python_version" value="3.13.1 (v3.13.1:06714517797, Dec  3 2024, 14:00:22) [Clang 15.0.0 (clang-1500.3.9.4)]" /></properties><environment framework-version="3.6.2" clr-version="3.13.1 (v3.13.1:06714517797, Dec  3 2024, 14:00:22) [Clang 15.0.0 (clang-1500.3.9.4)]" os-version="25.2.0" platform="Darwin" cwd="/Users/waledosunmu/Documents/personal_projects/legal-ai-assistant" machine-name="arm64" user="" user-domain="" culture="C" uiculture="C" os-architecture="64bit" /></test-suite><test-suite id="tests/unit/ingestion/test_citation_extractor.py::TestNSCC" name="tests/unit/ingestion/test_citation_extractor.py::TestNSCC" fullname="tests/unit/ingestion/test_citation_extractor.py::TestNSCC" methodname="" classname="" runstate="Runnable" type="Assembly" testcasecount="0" result="Passed" label="" start-time="0001-01-01 00:00:00.000000" end-time="0001-01-01 00:00:00.000000" duration="0.0" asserts="0" total="0" passed="0" failed="0" warnings="0" inconclusive="0" skipped="0"><properties><property name="python_version" value="3.13.1 (v3.13.1:06714517797, Dec  3 2024, 14:00:22) [Clang 15.0.0 (clang-1500.3.9.4)]" /></properties><environment framework-version="3.6.2" clr-version="3.13.1 (v3.13.1:06714517797, Dec  3 2024, 14:00:22) [Clang 15.0.0 (clang-1500.3.9.4)]" os-version="25.2.0" platform="Darwin" cwd="/Users/waledosunmu/Documents/personal_projects/legal-ai-assistant" machine-name="arm64" user="" user-domain="" culture="C" uiculture="C" os-architecture="64bit" /></test-suite></test-run>